{
  "RSpec": {
    "coverage": {
      "/Users/danieldvorkin/Projects/pilates-studio/api/app/models/user.rb": {
        "lines": [
          1,
          null,
          null,
          1,
          null,
          null,
          null,
          1,
          1,
          null,
          1,
          null,
          1,
          null,
          1,
          308,
          null,
          null,
          1,
          14,
          null,
          12,
          null,
          null,
          1,
          106,
          null,
          null,
          1,
          248,
          null,
          null,
          1,
          87,
          null,
          null,
          1,
          1431,
          null,
          null,
          1,
          67,
          null,
          null,
          1,
          19,
          null,
          null,
          1,
          null,
          469,
          1,
          null,
          469,
          1,
          null,
          469,
          null,
          1,
          null,
          1,
          1,
          1,
          null
        ]
      },
      "/Users/danieldvorkin/Projects/pilates-studio/api/app/models/application_record.rb": {
        "lines": [
          1,
          1,
          null
        ]
      },
      "/Users/danieldvorkin/Projects/pilates-studio/api/app/models/jwt_denylist.rb": {
        "lines": [
          1,
          1,
          1,
          null
        ]
      },
      "/Users/danieldvorkin/Projects/pilates-studio/api/app/mailers/booking_mailer.rb": {
        "lines": [
          1,
          1,
          null,
          1,
          5,
          5,
          5,
          null,
          null,
          1,
          7,
          7,
          7,
          7,
          7,
          null,
          null,
          1,
          2,
          2,
          null,
          null,
          1,
          4,
          4,
          null,
          null,
          1,
          5,
          5,
          5,
          5,
          null,
          null,
          1,
          null,
          1,
          17,
          17,
          17,
          null,
          null
        ]
      },
      "/Users/danieldvorkin/Projects/pilates-studio/api/app/mailers/application_mailer.rb": {
        "lines": [
          1,
          1,
          1,
          null
        ]
      },
      "/Users/danieldvorkin/Projects/pilates-studio/api/app/models/booking.rb": {
        "lines": [
          1,
          1,
          1,
          1,
          1,
          1,
          null,
          1,
          null,
          1,
          null,
          null,
          null,
          75,
          null,
          1,
          null,
          1,
          null,
          1,
          null,
          1,
          null,
          1,
          75,
          null,
          null,
          1,
          65,
          null,
          62,
          null,
          62,
          62,
          62,
          null,
          null,
          null
        ]
      },
      "/Users/danieldvorkin/Projects/pilates-studio/api/app/models/bundle_product.rb": {
        "lines": [
          1,
          1,
          1,
          1,
          null,
          1,
          null,
          1,
          1,
          1,
          1,
          null,
          1,
          1,
          null,
          1,
          2,
          null,
          1,
          null,
          null,
          1,
          2,
          null,
          2,
          null,
          null,
          1,
          null,
          1,
          26,
          null,
          1,
          null,
          null,
          1,
          26,
          null,
          26,
          1,
          null,
          null,
          26,
          0,
          null,
          null,
          null
        ]
      },
      "/Users/danieldvorkin/Projects/pilates-studio/api/app/models/bundle_purchase.rb": {
        "lines": [
          1,
          1,
          1,
          1,
          null,
          1,
          null,
          1,
          null,
          null,
          null,
          null,
          null,
          1,
          1,
          1,
          1,
          1,
          1,
          null,
          1,
          null,
          1,
          10,
          9,
          7,
          7,
          null,
          6,
          6,
          6,
          null,
          5,
          1,
          null,
          null,
          4,
          0,
          null,
          null,
          4,
          null,
          null,
          null,
          1,
          null,
          null,
          null,
          4,
          null,
          4,
          4,
          1,
          1,
          null,
          null,
          3,
          0,
          0,
          null,
          null,
          null,
          3,
          3,
          1,
          1,
          null,
          null,
          3,
          3,
          null,
          3,
          null,
          null,
          null,
          1,
          null,
          1,
          17,
          null,
          17,
          0,
          null,
          null,
          17,
          0,
          null,
          null,
          null
        ]
      },
      "/Users/danieldvorkin/Projects/pilates-studio/api/app/models/class_session.rb": {
        "lines": [
          1,
          1,
          1,
          1,
          null,
          1,
          1,
          1,
          null,
          283,
          null,
          1,
          1,
          1,
          1,
          1,
          1,
          1,
          1,
          1,
          1,
          null,
          1,
          null,
          1,
          194,
          null,
          194,
          null,
          12,
          12,
          12,
          null,
          null,
          1,
          13,
          null,
          null,
          1,
          0,
          null,
          null,
          null,
          null,
          null,
          null,
          1,
          0,
          0,
          null,
          0,
          null,
          null,
          1,
          null,
          1,
          96,
          null,
          null,
          1,
          96,
          null,
          96,
          0,
          null,
          null,
          96,
          0,
          null,
          null,
          null,
          1,
          96,
          90,
          null,
          1,
          null,
          null,
          1,
          96,
          null,
          null,
          95,
          2,
          null,
          null,
          null,
          1,
          96,
          null,
          13,
          1,
          null,
          null,
          null,
          1,
          96,
          13,
          null,
          12,
          12,
          null,
          12,
          1,
          null,
          null,
          null,
          1,
          96,
          null,
          95,
          95,
          null,
          95,
          95,
          null,
          95,
          null,
          null,
          null,
          null,
          null,
          null,
          95,
          3,
          3,
          null,
          null,
          3,
          null,
          null,
          95,
          null,
          null,
          1,
          96,
          null,
          95,
          95,
          null,
          92,
          92,
          null,
          92,
          92,
          92,
          null,
          92,
          null,
          null,
          null,
          null,
          null,
          null,
          null,
          null,
          92,
          1,
          1,
          null,
          1,
          null,
          null,
          92,
          null,
          null
        ]
      },
      "/Users/danieldvorkin/Projects/pilates-studio/api/app/models/client_membership.rb": {
        "lines": [
          1,
          1,
          null,
          1,
          1,
          1,
          null,
          1,
          1,
          null,
          2,
          2,
          null,
          1,
          null,
          1,
          4,
          null,
          null,
          1,
          2,
          null,
          null,
          1,
          1,
          null,
          null,
          1,
          1,
          null,
          null,
          1,
          null,
          1,
          48,
          null,
          null
        ]
      },
      "/Users/danieldvorkin/Projects/pilates-studio/api/app/models/client.rb": {
        "lines": [
          1,
          1,
          1,
          1,
          null,
          1,
          null,
          1,
          null,
          1,
          1,
          null,
          1,
          null,
          1,
          1,
          null
        ]
      },
      "/Users/danieldvorkin/Projects/pilates-studio/api/app/models/membership_plan.rb": {
        "lines": [
          1,
          1,
          1,
          null,
          1,
          1,
          null,
          1,
          1,
          1,
          1,
          1,
          null,
          null,
          null,
          4,
          6,
          null,
          1,
          1,
          null,
          null,
          null,
          1,
          2,
          null,
          null,
          1,
          2,
          null,
          null
        ]
      },
      "/Users/danieldvorkin/Projects/pilates-studio/api/app/models/payment_setting.rb": {
        "lines": [
          1,
          1,
          null,
          1,
          0,
          null,
          null,
          1,
          86,
          null,
          86,
          86,
          86,
          null,
          86,
          null,
          86,
          1,
          1,
          null,
          null,
          86,
          1,
          1,
          null,
          null,
          86,
          1,
          1,
          null,
          null,
          86,
          1,
          null,
          null,
          86,
          86,
          null,
          null,
          1,
          47,
          null,
          null
        ]
      },
      "/Users/danieldvorkin/Projects/pilates-studio/api/app/models/studio_subscription.rb": {
        "lines": [
          null,
          null,
          1,
          1,
          1,
          null,
          null,
          1,
          null,
          null,
          null,
          1,
          null,
          1,
          1,
          1,
          null,
          2,
          null,
          1,
          12,
          null,
          null,
          1,
          2,
          null,
          null,
          1,
          0,
          null,
          null,
          1,
          7,
          null,
          null
        ]
      },
      "/Users/danieldvorkin/Projects/pilates-studio/api/app/policies/class_template_policy.rb": {
        "lines": [
          1,
          1,
          9,
          null,
          null,
          1,
          6,
          null,
          null,
          1,
          8,
          null,
          null
        ]
      },
      "/Users/danieldvorkin/Projects/pilates-studio/api/app/policies/application_policy.rb": {
        "lines": [
          1,
          1,
          null,
          1,
          183,
          183,
          null,
          null,
          1,
          0,
          null,
          null,
          1,
          0,
          null,
          null,
          1,
          0,
          null,
          null,
          1,
          0,
          null,
          null,
          1,
          0,
          null,
          null,
          1,
          0,
          null,
          null,
          1,
          0,
          null,
          null,
          1,
          0,
          null,
          null,
          1,
          1,
          null,
          1,
          0,
          0,
          null,
          null,
          1,
          0,
          null,
          null,
          0,
          null,
          0,
          0,
          null,
          0,
          null,
          null,
          null,
          null
        ]
      },
      "/Users/danieldvorkin/Projects/pilates-studio/api/app/policies/client_membership_policy.rb": {
        "lines": [
          1,
          1,
          3,
          null,
          null,
          1,
          6,
          null,
          null,
          1,
          3,
          null,
          null
        ]
      },
      "/Users/danieldvorkin/Projects/pilates-studio/api/app/policies/client_policy.rb": {
        "lines": [
          1,
          1,
          6,
          null,
          null,
          1,
          5,
          null,
          null,
          1,
          0,
          null,
          null,
          1,
          5,
          null,
          null,
          1,
          5,
          null,
          null
        ]
      },
      "/Users/danieldvorkin/Projects/pilates-studio/api/app/policies/instructor_payout_policy.rb": {
        "lines": [
          1,
          1,
          5,
          null,
          null,
          1,
          4,
          null,
          null,
          1,
          5,
          null,
          null,
          1,
          4,
          null,
          null
        ]
      },
      "/Users/danieldvorkin/Projects/pilates-studio/api/app/policies/membership_plan_policy.rb": {
        "lines": [
          1,
          1,
          5,
          null,
          null,
          1,
          27,
          null,
          null,
          1,
          9,
          null,
          null,
          1,
          7,
          null,
          null
        ]
      },
      "/Users/danieldvorkin/Projects/pilates-studio/api/app/policies/payment_setting_policy.rb": {
        "lines": [
          1,
          1,
          6,
          null,
          null,
          1,
          6,
          null,
          null
        ]
      },
      "/Users/danieldvorkin/Projects/pilates-studio/api/app/policies/studio_location_policy.rb": {
        "lines": [
          1,
          1,
          5,
          null,
          null,
          1,
          6,
          null,
          null,
          1,
          5,
          null,
          null,
          1,
          5,
          null,
          null
        ]
      },
      "/Users/danieldvorkin/Projects/pilates-studio/api/app/policies/user_policy.rb": {
        "lines": [
          1,
          1,
          8,
          null,
          null,
          1,
          5,
          null,
          null,
          1,
          5,
          null,
          null
        ]
      },
      "/Users/danieldvorkin/Projects/pilates-studio/api/app/controllers/platform_webhooks_controller.rb": {
        "lines": [
          null,
          null,
          1,
          null,
          1,
          null,
          1,
          null,
          null,
          null,
          null,
          null,
          null,
          null,
          1,
          13,
          13,
          13,
          null,
          13,
          1,
          1,
          null,
          null,
          null,
          12,
          null,
          0,
          0,
          null,
          1,
          1,
          null,
          null,
          11,
          null,
          11,
          11,
          null,
          0,
          0,
          null,
          null,
          1,
          null,
          1,
          11,
          null,
          4,
          null,
          4,
          null,
          1,
          null,
          1,
          null,
          1,
          null,
          null,
          null,
          null,
          1,
          4,
          null,
          3,
          3,
          3,
          3,
          null,
          3,
          null,
          3,
          3,
          3,
          3,
          3,
          null,
          null,
          null,
          3,
          3,
          3,
          3,
          3,
          null,
          0,
          null,
          null,
          3,
          3,
          null,
          null,
          1,
          4,
          4,
          null,
          3,
          3,
          3,
          3,
          3,
          3,
          null,
          null,
          1,
          1,
          1,
          null,
          1,
          1,
          null,
          null,
          1,
          1,
          null,
          1,
          1,
          null,
          1,
          1,
          1,
          1,
          null,
          null,
          1,
          1,
          null,
          1,
          1,
          null,
          1,
          1,
          null,
          null,
          1,
          6,
          2,
          2,
          1,
          1,
          0,
          0,
          null,
          null,
          null
        ]
      },
      "/Users/danieldvorkin/Projects/pilates-studio/api/app/controllers/application_controller.rb": {
        "lines": [
          1,
          1,
          null,
          1,
          0,
          null,
          null
        ]
      },
      "/Users/danieldvorkin/Projects/pilates-studio/api/app/models/studio.rb": {
        "lines": [
          1,
          1,
          1,
          1,
          1,
          1,
          1,
          1,
          1,
          1,
          1,
          1,
          null,
          1,
          null,
          1,
          null,
          1,
          null,
          1,
          null,
          1,
          433,
          null,
          433,
          null,
          null
        ]
      },
      "/Users/danieldvorkin/Projects/pilates-studio/api/app/models/class_template.rb": {
        "lines": [
          1,
          1,
          1,
          1,
          1,
          null,
          1,
          null,
          1,
          1,
          1,
          null,
          1,
          1,
          null,
          null,
          1,
          null,
          null,
          null,
          1,
          null,
          1,
          null,
          1,
          134,
          null,
          null,
          1,
          134,
          null,
          134,
          0,
          null,
          null,
          134,
          0,
          null,
          null,
          null
        ]
      },
      "/Users/danieldvorkin/Projects/pilates-studio/api/app/models/studio_location.rb": {
        "lines": [
          1,
          1,
          1,
          1,
          null
        ]
      },
      "/Users/danieldvorkin/Projects/pilates-studio/api/app/models/instructor_payout.rb": {
        "lines": [
          1,
          1,
          1,
          1,
          null,
          1,
          null,
          null,
          null,
          null,
          null,
          1,
          1,
          1,
          null,
          1,
          1,
          1,
          null,
          1,
          null,
          1,
          null,
          1,
          null,
          1,
          10,
          null,
          10,
          0,
          null,
          10,
          0,
          null,
          null,
          null
        ]
      },
      "/Users/danieldvorkin/Projects/pilates-studio/api/app/controllers/graphql_controller.rb": {
        "lines": [
          null,
          null,
          1,
          null,
          null,
          null,
          null,
          null,
          1,
          208,
          208,
          208,
          null,
          null,
          208,
          null,
          null,
          208,
          208,
          205,
          null,
          3,
          0,
          null,
          null,
          1,
          null,
          null,
          1,
          208,
          null,
          0,
          0,
          null,
          0,
          null,
          null,
          0,
          null,
          208,
          null,
          0,
          null,
          0,
          null,
          null,
          null,
          null,
          null,
          null,
          1,
          208,
          208,
          null,
          19,
          19,
          null,
          2,
          2,
          null,
          null,
          null,
          2,
          2,
          null,
          0,
          0,
          null,
          1,
          1,
          null,
          1,
          1,
          null,
          null,
          null,
          1,
          0,
          0,
          null,
          0,
          null,
          null
        ]
      },
      "/Users/danieldvorkin/Projects/pilates-studio/api/app/graphql/api_schema.rb": {
        "lines": [
          null,
          null,
          1,
          1,
          1,
          null,
          1,
          10,
          null,
          null,
          null,
          1,
          null,
          null,
          1,
          null,
          null,
          null,
          null,
          0,
          null,
          null,
          null,
          1,
          null,
          null,
          0,
          null,
          null,
          null,
          1,
          null,
          null,
          1,
          null,
          null,
          null,
          null,
          1,
          null,
          0,
          null,
          null,
          null,
          1,
          null,
          0,
          null,
          null
        ]
      },
      "/Users/danieldvorkin/Projects/pilates-studio/api/app/graphql/types/mutation_type.rb": {
        "lines": [
          null,
          null,
          1,
          1,
          1,
          1,
          1,
          1,
          1,
          1,
          1,
          1,
          1,
          1,
          1,
          1,
          1,
          1,
          1,
          1,
          1,
          1,
          1,
          1,
          1,
          1,
          1,
          1,
          1,
          1,
          1,
          1,
          1,
          1,
          1,
          1,
          null,
          1,
          1,
          1,
          1,
          1,
          null,
          1,
          null,
          1,
          null,
          1,
          1,
          1,
          null,
          1,
          1,
          1,
          1,
          1,
          null,
          1,
          1,
          null,
          1,
          null,
          1,
          1,
          1,
          1,
          1,
          null,
          1,
          1,
          1,
          1,
          1,
          1,
          null,
          1,
          null,
          null,
          1,
          null,
          null
        ]
      },
      "/Users/danieldvorkin/Projects/pilates-studio/api/app/graphql/types/base_object.rb": {
        "lines": [
          null,
          null,
          1,
          1,
          1,
          1,
          1,
          null,
          null
        ]
      },
      "/Users/danieldvorkin/Projects/pilates-studio/api/app/graphql/types/base_edge.rb": {
        "lines": [
          null,
          null,
          1,
          1,
          null,
          1,
          null,
          null
        ]
      },
      "/Users/danieldvorkin/Projects/pilates-studio/api/app/graphql/types/base_connection.rb": {
        "lines": [
          null,
          null,
          1,
          1,
          null,
          1,
          null,
          null
        ]
      },
      "/Users/danieldvorkin/Projects/pilates-studio/api/app/graphql/types/base_field.rb": {
        "lines": [
          null,
          null,
          1,
          1,
          1,
          null,
          null
        ]
      },
      "/Users/danieldvorkin/Projects/pilates-studio/api/app/graphql/types/base_argument.rb": {
        "lines": [
          null,
          null,
          1,
          1,
          null,
          null
        ]
      },
      "/Users/danieldvorkin/Projects/pilates-studio/api/app/graphql/mutations/sign_in.rb": {
        "lines": [
          1,
          1,
          1,
          1,
          null,
          1,
          1,
          1,
          null,
          1,
          0,
          0,
          0,
          0,
          null,
          0,
          null,
          null,
          null,
          null
        ]
      },
      "/Users/danieldvorkin/Projects/pilates-studio/api/app/graphql/mutations/base_mutation.rb": {
        "lines": [
          null,
          null,
          1,
          1,
          1,
          1,
          1,
          1,
          null,
          null
        ]
      },
      "/Users/danieldvorkin/Projects/pilates-studio/api/app/graphql/types/base_input_object.rb": {
        "lines": [
          null,
          null,
          1,
          1,
          1,
          null,
          null
        ]
      },
      "/Users/danieldvorkin/Projects/pilates-studio/api/app/graphql/types/user_type.rb": {
        "lines": [
          1,
          1,
          1,
          1,
          1,
          1,
          1,
          1,
          1,
          1,
          1,
          1,
          null,
          1,
          1,
          1,
          null,
          1,
          1,
          null,
          1,
          null,
          null
        ]
      },
      "/Users/danieldvorkin/Projects/pilates-studio/api/app/graphql/mutations/sign_up.rb": {
        "lines": [
          1,
          1,
          1,
          1,
          1,
          1,
          1,
          1,
          null,
          1,
          1,
          null,
          1,
          0,
          0,
          0,
          0,
          null,
          null,
          null,
          0,
          0,
          null,
          null,
          0,
          null,
          0,
          0,
          null,
          0,
          null,
          null,
          null,
          null,
          null,
          0,
          0,
          null,
          0,
          null,
          null,
          null,
          0,
          0,
          null,
          null,
          0,
          null,
          null,
          null,
          null,
          null,
          null,
          null,
          null,
          0,
          0,
          0,
          0,
          0,
          0,
          0,
          null,
          0,
          null,
          null,
          0,
          null,
          0,
          null,
          null,
          null,
          null
        ]
      },
      "/Users/danieldvorkin/Projects/pilates-studio/api/app/graphql/types/account_type_enum.rb": {
        "lines": [
          1,
          1,
          1,
          1,
          null,
          null
        ]
      },
      "/Users/danieldvorkin/Projects/pilates-studio/api/app/graphql/types/base_enum.rb": {
        "lines": [
          null,
          null,
          1,
          1,
          null,
          null
        ]
      },
      "/Users/danieldvorkin/Projects/pilates-studio/api/app/graphql/mutations/create_class_template.rb": {
        "lines": [
          1,
          1,
          1,
          1,
          1,
          1,
          1,
          1,
          1,
          1,
          null,
          1,
          1,
          1,
          null,
          1,
          1,
          null,
          1,
          4,
          4,
          null,
          3,
          null,
          3,
          1,
          1,
          1,
          null,
          null,
          3,
          3,
          3,
          null,
          0,
          null,
          null,
          null,
          null
        ]
      },
      "/Users/danieldvorkin/Projects/pilates-studio/api/app/graphql/types/class_template_type.rb": {
        "lines": [
          1,
          1,
          1,
          1,
          1,
          1,
          1,
          1,
          1,
          1,
          1,
          null,
          1,
          1,
          1,
          null,
          null
        ]
      },
      "/Users/danieldvorkin/Projects/pilates-studio/api/app/graphql/types/studio_location_type.rb": {
        "lines": [
          1,
          1,
          1,
          1,
          1,
          1,
          1,
          1,
          null,
          null
        ]
      },
      "/Users/danieldvorkin/Projects/pilates-studio/api/app/graphql/mutations/update_class_template.rb": {
        "lines": [
          1,
          1,
          1,
          1,
          1,
          1,
          1,
          1,
          1,
          1,
          1,
          null,
          1,
          1,
          1,
          null,
          1,
          1,
          null,
          1,
          2,
          2,
          1,
          null,
          1,
          0,
          0,
          0,
          null,
          null,
          1,
          1,
          null,
          0,
          null,
          null,
          null,
          null
        ]
      },
      "/Users/danieldvorkin/Projects/pilates-studio/api/app/graphql/mutations/delete_class_template.rb": {
        "lines": [
          1,
          1,
          1,
          null,
          1,
          1,
          null,
          1,
          3,
          3,
          3,
          null,
          2,
          2,
          null,
          1,
          null,
          null,
          null
        ]
      },
      "/Users/danieldvorkin/Projects/pilates-studio/api/app/graphql/mutations/create_class_session.rb": {
        "lines": [
          1,
          1,
          1,
          1,
          1,
          1,
          1,
          1,
          1,
          null,
          1,
          1,
          null,
          1,
          4,
          4,
          4,
          null,
          4,
          4,
          null,
          0,
          null,
          null,
          null,
          0,
          0,
          null,
          null,
          0,
          null,
          4,
          4,
          4,
          1,
          null,
          null,
          null,
          null,
          3,
          null,
          null,
          null,
          null,
          null,
          null,
          3,
          3,
          null,
          3,
          3,
          2,
          null,
          1,
          null,
          null,
          null,
          null
        ]
      },
      "/Users/danieldvorkin/Projects/pilates-studio/api/app/graphql/types/class_session_type.rb": {
        "lines": [
          1,
          1,
          1,
          1,
          1,
          1,
          1,
          1,
          1,
          1,
          1,
          null,
          1,
          1,
          1,
          1,
          null,
          1,
          1,
          null,
          null,
          1,
          0,
          null,
          null,
          1,
          0,
          null,
          null,
          1,
          0,
          null,
          null,
          null
        ]
      },
      "/Users/danieldvorkin/Projects/pilates-studio/api/app/graphql/mutations/update_class_session.rb": {
        "lines": [
          1,
          1,
          1,
          1,
          1,
          1,
          1,
          1,
          1,
          null,
          1,
          1,
          null,
          1,
          4,
          4,
          4,
          null,
          2,
          2,
          null,
          0,
          null,
          null,
          null,
          null
        ]
      },
      "/Users/danieldvorkin/Projects/pilates-studio/api/app/graphql/mutations/delete_class_session.rb": {
        "lines": [
          1,
          1,
          1,
          null,
          1,
          1,
          null,
          1,
          2,
          2,
          2,
          null,
          2,
          0,
          null,
          null,
          2,
          2,
          2,
          null,
          null,
          2,
          null,
          0,
          null,
          null,
          null
        ]
      },
      "/Users/danieldvorkin/Projects/pilates-studio/api/app/graphql/mutations/create_booking.rb": {
        "lines": [
          1,
          1,
          1,
          1,
          null,
          1,
          1,
          null,
          1,
          6,
          6,
          null,
          5,
          5,
          null,
          null,
          5,
          2,
          null,
          3,
          null,
          null,
          5,
          null,
          null,
          5,
          2,
          1,
          null,
          1,
          1,
          1,
          1,
          null,
          null,
          null,
          3,
          3,
          null,
          null,
          5,
          0,
          null,
          null,
          5,
          1,
          null,
          null,
          4,
          4,
          null,
          4,
          null,
          4,
          4,
          null,
          0,
          null,
          null,
          null,
          null
        ]
      },
      "/Users/danieldvorkin/Projects/pilates-studio/api/app/graphql/types/booking_type.rb": {
        "lines": [
          1,
          1,
          1,
          1,
          1,
          1,
          1,
          1,
          1,
          1,
          1,
          1,
          1,
          1,
          null,
          null
        ]
      },
      "/Users/danieldvorkin/Projects/pilates-studio/api/app/graphql/types/client_type.rb": {
        "lines": [
          1,
          1,
          1,
          1,
          1,
          1,
          null,
          1,
          null,
          null,
          1,
          null,
          null,
          1,
          0,
          null,
          null,
          1,
          null,
          1,
          null,
          null,
          1,
          0,
          0,
          null,
          0,
          null,
          0,
          null,
          0,
          null,
          0,
          0,
          0,
          0,
          0,
          null,
          0,
          null,
          null,
          0,
          null,
          null,
          1,
          1,
          1,
          1,
          1,
          1,
          null,
          1,
          null,
          null,
          1,
          0,
          null,
          null,
          1,
          null,
          null,
          1,
          null,
          null,
          1,
          0,
          0,
          null,
          0,
          null,
          null,
          null
        ]
      },
      "/Users/danieldvorkin/Projects/pilates-studio/api/app/graphql/types/client_note_type.rb": {
        "lines": [
          1,
          1,
          1,
          1,
          1,
          1,
          null,
          null
        ]
      },
      "/Users/danieldvorkin/Projects/pilates-studio/api/app/graphql/types/client_payment_method_type.rb": {
        "lines": [
          1,
          1,
          1,
          1,
          1,
          1,
          1,
          1,
          1,
          1,
          null,
          null
        ]
      },
      "/Users/danieldvorkin/Projects/pilates-studio/api/app/graphql/types/payment_type.rb": {
        "lines": [
          1,
          1,
          1,
          1,
          1,
          1,
          1,
          1,
          1,
          1,
          1,
          1,
          null,
          null
        ]
      },
      "/Users/danieldvorkin/Projects/pilates-studio/api/app/graphql/types/bundle_purchase_type.rb": {
        "lines": [
          1,
          1,
          1,
          1,
          null,
          1,
          1,
          1,
          null,
          1,
          1,
          null,
          1,
          1,
          null,
          1,
          null,
          null
        ]
      },
      "/Users/danieldvorkin/Projects/pilates-studio/api/app/graphql/types/bundle_product_type.rb": {
        "lines": [
          1,
          1,
          1,
          1,
          null,
          1,
          1,
          1,
          null,
          1,
          1,
          1,
          null,
          1,
          1,
          null,
          null
        ]
      },
      "/Users/danieldvorkin/Projects/pilates-studio/api/app/graphql/mutations/cancel_booking.rb": {
        "lines": [
          1,
          1,
          1,
          null,
          1,
          1,
          null,
          1,
          5,
          5,
          null,
          null,
          5,
          2,
          null,
          3,
          null,
          null,
          4,
          null,
          3,
          3,
          null,
          null,
          3,
          3,
          1,
          null,
          1,
          null,
          null,
          null,
          null,
          3,
          null,
          3,
          null,
          3,
          3,
          0,
          0,
          null,
          0,
          0,
          0,
          null,
          0,
          0,
          null,
          null,
          0,
          null,
          null,
          null,
          3,
          null,
          0,
          null,
          null,
          null
        ]
      },
      "/Users/danieldvorkin/Projects/pilates-studio/api/app/graphql/mutations/archive_booking.rb": {
        "lines": [
          1,
          1,
          1,
          null,
          1,
          1,
          null,
          1,
          0,
          0,
          null,
          null,
          0,
          0,
          null,
          0,
          null,
          null,
          0,
          null,
          0,
          0,
          null,
          0,
          null,
          null,
          0,
          null,
          null,
          null
        ]
      },
      "/Users/danieldvorkin/Projects/pilates-studio/api/app/graphql/mutations/mark_no_show_booking.rb": {
        "lines": [
          1,
          1,
          1,
          null,
          1,
          1,
          null,
          1,
          0,
          0,
          null,
          0,
          null,
          0,
          null,
          0,
          0,
          null,
          null,
          0,
          0,
          null,
          0,
          null,
          null,
          0,
          null,
          null,
          null
        ]
      },
      "/Users/danieldvorkin/Projects/pilates-studio/api/app/graphql/mutations/rebook_booking.rb": {
        "lines": [
          1,
          1,
          1,
          null,
          1,
          1,
          null,
          1,
          0,
          0,
          null,
          0,
          0,
          null,
          0,
          null,
          0,
          0,
          null,
          0,
          0,
          null,
          0,
          null,
          0,
          0,
          0,
          null,
          0,
          null,
          null,
          0,
          null,
          null,
          null
        ]
      },
      "/Users/danieldvorkin/Projects/pilates-studio/api/app/graphql/mutations/rebook_booking_with_payment.rb": {
        "lines": [
          1,
          1,
          1,
          1,
          null,
          1,
          1,
          1,
          null,
          1,
          1,
          1,
          null,
          1,
          1,
          null,
          1,
          null,
          1,
          1,
          1,
          null,
          1,
          1,
          0,
          null,
          null,
          1,
          0,
          null,
          null,
          1,
          0,
          null,
          null,
          1,
          1,
          null,
          null,
          1,
          null,
          null,
          null,
          null,
          null,
          1,
          null,
          0,
          0,
          null,
          null,
          1,
          1,
          0,
          null,
          null,
          1,
          null,
          null,
          null,
          1,
          null,
          null,
          null,
          null,
          null,
          null,
          null,
          null,
          null,
          null,
          null,
          null,
          null,
          null,
          null,
          1,
          null,
          1,
          null,
          null,
          null,
          0,
          null,
          null,
          1,
          0,
          null,
          null,
          1,
          null,
          1,
          1,
          null,
          null,
          null,
          null,
          null,
          null,
          1,
          1,
          1,
          null,
          null,
          null,
          null,
          null,
          null,
          null,
          null,
          1,
          null,
          1,
          null,
          null,
          1,
          null,
          0,
          null,
          null,
          null
        ]
      },
      "/Users/danieldvorkin/Projects/pilates-studio/api/app/graphql/mutations/create_client.rb": {
        "lines": [
          1,
          1,
          1,
          1,
          null,
          1,
          0,
          0,
          null,
          0,
          0,
          0,
          0,
          0,
          null,
          0,
          null,
          null,
          null,
          null
        ]
      },
      "/Users/danieldvorkin/Projects/pilates-studio/api/app/graphql/mutations/update_client.rb": {
        "lines": [
          1,
          1,
          1,
          1,
          1,
          1,
          1,
          null,
          1,
          1,
          null,
          1,
          4,
          4,
          null,
          3,
          null,
          2,
          0,
          null,
          null,
          0,
          null,
          null,
          2,
          2,
          null,
          0,
          null,
          null,
          null,
          null
        ]
      },
      "/Users/danieldvorkin/Projects/pilates-studio/api/app/graphql/mutations/delete_client.rb": {
        "lines": [
          1,
          1,
          1,
          null,
          1,
          1,
          null,
          1,
          3,
          3,
          null,
          2,
          1,
          1,
          null,
          2,
          null,
          null,
          null
        ]
      },
      "/Users/danieldvorkin/Projects/pilates-studio/api/app/graphql/mutations/create_client_note.rb": {
        "lines": [
          1,
          1,
          1,
          1,
          null,
          1,
          1,
          null,
          1,
          2,
          2,
          null,
          2,
          1,
          null,
          null,
          1,
          null,
          1,
          0,
          0,
          null,
          null,
          1,
          1,
          1,
          null,
          0,
          null,
          null,
          null,
          null
        ]
      },
      "/Users/danieldvorkin/Projects/pilates-studio/api/app/graphql/mutations/sign_in_with_google.rb": {
        "lines": [
          1,
          1,
          1,
          1,
          null,
          null,
          1,
          null,
          1,
          1,
          1,
          null,
          1,
          null,
          5,
          null,
          5,
          5,
          5,
          null,
          5,
          1,
          null,
          null,
          4,
          1,
          null,
          null,
          null,
          3,
          null,
          3,
          null,
          3,
          null,
          null,
          0,
          0,
          0,
          0,
          null,
          0,
          0,
          null,
          0,
          null,
          null,
          0,
          0,
          0,
          null,
          3,
          2,
          null,
          1,
          0,
          null,
          null,
          1,
          null,
          null,
          null,
          null,
          null,
          null,
          1,
          1,
          1,
          1,
          null,
          1,
          0,
          null,
          1,
          null,
          null,
          1,
          1,
          1,
          null,
          null,
          null,
          2,
          2,
          2,
          null,
          2,
          2,
          1,
          1,
          null,
          1,
          1,
          1,
          1,
          1,
          1,
          null,
          null,
          1,
          1,
          null,
          null,
          null,
          2,
          2,
          null,
          null,
          1,
          null,
          1,
          0,
          0,
          null,
          0,
          0,
          0,
          0,
          null,
          null,
          null,
          null,
          null,
          null,
          null,
          0,
          0,
          0,
          null,
          null,
          0,
          null,
          0,
          null,
          null,
          0,
          0,
          0,
          0,
          0,
          null,
          null,
          0,
          0,
          0,
          null,
          0,
          0,
          null,
          null,
          1,
          0,
          0,
          null,
          0,
          0,
          0,
          null,
          0,
          0,
          0,
          null,
          null,
          0,
          null,
          0,
          null,
          null,
          0,
          0,
          0,
          0,
          null,
          null,
          0,
          0,
          null,
          null,
          0,
          null,
          0,
          0,
          null,
          null,
          null
        ]
      },
      "/Users/danieldvorkin/Projects/pilates-studio/api/app/graphql/mutations/update_user.rb": {
        "lines": [
          null,
          null,
          1,
          1,
          1,
          1,
          1,
          1,
          1,
          1,
          null,
          1,
          1,
          1,
          1,
          null,
          1,
          1,
          null,
          1,
          0,
          0,
          null,
          null,
          0,
          0,
          null,
          0,
          null,
          0,
          null,
          0,
          0,
          null,
          null,
          0,
          0,
          null,
          null,
          0,
          0,
          0,
          null,
          null,
          0,
          0,
          0,
          null,
          null,
          0,
          0,
          null,
          0,
          null,
          null,
          null,
          null
        ]
      },
      "/Users/danieldvorkin/Projects/pilates-studio/api/app/graphql/mutations/update_profile.rb": {
        "lines": [
          null,
          null,
          1,
          1,
          1,
          1,
          1,
          1,
          1,
          null,
          1,
          1,
          null,
          1,
          3,
          3,
          null,
          3,
          null,
          3,
          3,
          3,
          null,
          3,
          2,
          1,
          null,
          null,
          1,
          1,
          null,
          null,
          null,
          1,
          1,
          null,
          1,
          1,
          null,
          0,
          null,
          null,
          null,
          null
        ]
      },
      "/Users/danieldvorkin/Projects/pilates-studio/api/app/graphql/mutations/update_payment_settings.rb": {
        "lines": [
          1,
          1,
          1,
          1,
          1,
          1,
          1,
          1,
          1,
          1,
          1,
          null,
          1,
          1,
          null,
          1,
          2,
          2,
          null,
          2,
          null,
          null,
          2,
          0,
          null,
          2,
          1,
          null,
          2,
          0,
          null,
          2,
          2,
          2,
          2,
          2,
          2,
          null,
          2,
          2,
          null,
          0,
          null,
          null,
          null,
          null
        ]
      },
      "/Users/danieldvorkin/Projects/pilates-studio/api/app/graphql/types/payment_setting_type.rb": {
        "lines": [
          1,
          1,
          1,
          1,
          1,
          1,
          1,
          1,
          1,
          1,
          1,
          null,
          1,
          2,
          null,
          null,
          null
        ]
      },
      "/Users/danieldvorkin/Projects/pilates-studio/api/app/graphql/mutations/create_setup_intent.rb": {
        "lines": [
          null,
          null,
          1,
          1,
          1,
          null,
          1,
          null,
          1,
          1,
          1,
          null,
          1,
          6,
          6,
          null,
          5,
          null,
          5,
          2,
          null,
          null,
          3,
          null,
          null,
          3,
          1,
          null,
          null,
          null,
          null,
          1,
          null,
          null,
          3,
          null,
          null,
          null,
          null,
          null,
          null,
          1,
          null,
          null,
          2,
          null,
          null,
          null
        ]
      },
      "/Users/danieldvorkin/Projects/pilates-studio/api/app/graphql/concerns/billing_studio_resolver.rb": {
        "lines": [
          null,
          null,
          null,
          null,
          null,
          null,
          null,
          null,
          null,
          null,
          1,
          null,
          null,
          null,
          null,
          1,
          14,
          1,
          1,
          null,
          1,
          1,
          1,
          null,
          null,
          null,
          null,
          13,
          null,
          13,
          13,
          null,
          13,
          13,
          13,
          null,
          13,
          13,
          null,
          12,
          12,
          null,
          10,
          null,
          null,
          3,
          null,
          null
        ]
      },
      "/Users/danieldvorkin/Projects/pilates-studio/api/app/graphql/mutations/save_my_payment_method.rb": {
        "lines": [
          null,
          null,
          1,
          1,
          1,
          null,
          1,
          1,
          null,
          1,
          1,
          null,
          1,
          9,
          9,
          null,
          8,
          null,
          8,
          1,
          null,
          null,
          7,
          null,
          6,
          null,
          null,
          6,
          null,
          null,
          5,
          5,
          1,
          null,
          null,
          4,
          3,
          null,
          null,
          4,
          null,
          null,
          null,
          null,
          4,
          4,
          null,
          1,
          null,
          null,
          null,
          4,
          4,
          null,
          null,
          null,
          null,
          null,
          4,
          4,
          null,
          null,
          null,
          null,
          null,
          null,
          4,
          null,
          4,
          null,
          4,
          null,
          null,
          null,
          null,
          null,
          null,
          null,
          null,
          0,
          null,
          null,
          4,
          null,
          null,
          null
        ]
      },
      "/Users/danieldvorkin/Projects/pilates-studio/api/app/graphql/mutations/remove_my_payment_method.rb": {
        "lines": [
          null,
          null,
          1,
          1,
          1,
          1,
          null,
          1,
          1,
          null,
          1,
          5,
          5,
          null,
          null,
          null,
          4,
          null,
          4,
          null,
          3,
          3,
          null,
          2,
          null,
          2,
          2,
          null,
          null,
          2,
          null,
          2,
          1,
          1,
          null,
          1,
          null,
          null,
          null,
          null,
          null,
          null,
          null,
          1,
          null,
          null,
          null,
          null,
          null,
          null,
          null,
          null,
          null,
          2,
          2,
          2,
          null,
          2,
          null,
          null,
          null,
          null,
          null,
          null,
          null,
          2,
          null,
          null,
          null
        ]
      },
      "/Users/danieldvorkin/Projects/pilates-studio/api/app/graphql/mutations/set_my_default_payment_method.rb": {
        "lines": [
          null,
          null,
          1,
          1,
          1,
          null,
          1,
          1,
          null,
          1,
          1,
          null,
          1,
          4,
          4,
          null,
          3,
          3,
          null,
          null,
          1,
          1,
          0,
          null,
          null,
          1,
          null,
          1,
          null,
          null,
          1,
          null,
          null,
          null,
          null,
          0,
          null,
          null,
          1,
          1,
          1,
          null,
          1,
          null,
          null,
          null,
          null,
          null,
          null,
          null,
          null,
          1,
          null,
          null,
          null
        ]
      },
      "/Users/danieldvorkin/Projects/pilates-studio/api/app/graphql/mutations/create_booking_with_payment.rb": {
        "lines": [
          1,
          1,
          1,
          1,
          1,
          null,
          1,
          1,
          1,
          null,
          1,
          5,
          5,
          null,
          5,
          5,
          null,
          null,
          5,
          2,
          null,
          3,
          null,
          null,
          5,
          5,
          null,
          5,
          5,
          0,
          null,
          null,
          null,
          5,
          2,
          1,
          null,
          1,
          1,
          1,
          1,
          null,
          null,
          null,
          3,
          3,
          null,
          null,
          5,
          0,
          null,
          null,
          5,
          5,
          0,
          null,
          null,
          5,
          1,
          null,
          4,
          4,
          null,
          4,
          0,
          null,
          null,
          4,
          null,
          null,
          4,
          null,
          null,
          null,
          null,
          null,
          null,
          null,
          null,
          4,
          0,
          null,
          null,
          4,
          null,
          null,
          null,
          4,
          null,
          null,
          null,
          null,
          null,
          null,
          null,
          null,
          null,
          null,
          null,
          null,
          null,
          null,
          4,
          null,
          4,
          null,
          null,
          null,
          0,
          null,
          null,
          4,
          1,
          null,
          null,
          3,
          3,
          null,
          3,
          3,
          null,
          null,
          null,
          null,
          null,
          null,
          null,
          null,
          3,
          0,
          null,
          null,
          3,
          null,
          null,
          null,
          null,
          null,
          null,
          null,
          null,
          null,
          null,
          null,
          3,
          null,
          null,
          3,
          null,
          null,
          null
        ]
      },
      "/Users/danieldvorkin/Projects/pilates-studio/api/app/graphql/mutations/toggle_client_block.rb": {
        "lines": [
          1,
          1,
          1,
          1,
          null,
          1,
          1,
          1,
          null,
          1,
          0,
          0,
          0,
          null,
          null,
          0,
          null,
          0,
          0,
          null,
          0,
          null,
          null,
          0,
          0,
          null,
          0,
          null,
          null,
          0,
          null,
          0,
          null,
          0,
          null,
          null,
          null
        ]
      },
      "/Users/danieldvorkin/Projects/pilates-studio/api/app/graphql/mutations/start_impersonation.rb": {
        "lines": [
          1,
          1,
          1,
          null,
          1,
          1,
          1,
          null,
          1,
          3,
          null,
          3,
          0,
          null,
          null,
          null,
          3,
          1,
          null,
          2,
          null,
          3,
          null,
          2,
          1,
          null,
          null,
          1,
          null,
          1,
          null,
          0,
          null,
          null,
          null
        ]
      },
      "/Users/danieldvorkin/Projects/pilates-studio/api/app/graphql/mutations/create_studio_location.rb": {
        "lines": [
          1,
          1,
          1,
          1,
          1,
          1,
          1,
          1,
          null,
          1,
          1,
          null,
          1,
          4,
          4,
          null,
          null,
          2,
          0,
          null,
          2,
          null,
          null,
          2,
          null,
          null,
          null,
          null,
          null,
          null,
          null,
          null,
          2,
          2,
          null,
          0,
          null,
          null,
          null,
          null
        ]
      },
      "/Users/danieldvorkin/Projects/pilates-studio/api/app/graphql/mutations/update_studio_location.rb": {
        "lines": [
          1,
          1,
          1,
          1,
          1,
          1,
          1,
          1,
          null,
          1,
          1,
          null,
          1,
          1,
          1,
          null,
          1,
          1,
          null,
          null,
          1,
          null,
          null,
          null,
          null,
          null,
          null,
          1,
          1,
          null,
          0,
          null,
          null,
          null,
          null
        ]
      },
      "/Users/danieldvorkin/Projects/pilates-studio/api/app/graphql/mutations/delete_studio_location.rb": {
        "lines": [
          1,
          1,
          1,
          null,
          1,
          1,
          null,
          1,
          3,
          3,
          null,
          3,
          3,
          null,
          2,
          1,
          null,
          null,
          1,
          1,
          null,
          0,
          null,
          null,
          null
        ]
      },
      "/Users/danieldvorkin/Projects/pilates-studio/api/app/graphql/mutations/create_instructor_payout.rb": {
        "lines": [
          1,
          1,
          1,
          1,
          1,
          1,
          null,
          1,
          1,
          null,
          1,
          0,
          0,
          null,
          0,
          0,
          null,
          0,
          null,
          null,
          null,
          null,
          null,
          null,
          null,
          0,
          0,
          null,
          0,
          0,
          null,
          null,
          0,
          null,
          null,
          null,
          null,
          null,
          null,
          null,
          null,
          null,
          null,
          null,
          null,
          null,
          null,
          null,
          null,
          null,
          null,
          null,
          null,
          null,
          0,
          null,
          null,
          null,
          null,
          null,
          null,
          null,
          null,
          0,
          0,
          null,
          0,
          null,
          null,
          null,
          null
        ]
      },
      "/Users/danieldvorkin/Projects/pilates-studio/api/app/graphql/types/instructor_payout_type.rb": {
        "lines": [
          1,
          1,
          1,
          1,
          1,
          null,
          1,
          1,
          1,
          null,
          1,
          1,
          1,
          null,
          1,
          1,
          null,
          1,
          1,
          1,
          null,
          1,
          1,
          null,
          1,
          1,
          null,
          null
        ]
      },
      "/Users/danieldvorkin/Projects/pilates-studio/api/app/graphql/mutations/pay_instructor_payout.rb": {
        "lines": [
          1,
          1,
          1,
          null,
          1,
          1,
          null,
          1,
          2,
          2,
          null,
          2,
          2,
          null,
          2,
          null,
          2,
          0,
          null,
          null,
          2,
          2,
          0,
          null,
          null,
          2,
          0,
          null,
          null,
          2,
          2,
          0,
          null,
          null,
          2,
          null,
          null,
          2,
          null,
          null,
          null,
          null,
          null,
          null,
          null,
          null,
          null,
          null,
          null,
          null,
          null,
          1,
          null,
          1,
          null,
          0,
          null,
          null,
          1,
          1,
          null,
          1,
          1,
          1,
          null,
          null,
          1,
          1,
          1,
          1,
          null,
          1,
          null,
          null,
          1,
          null,
          null,
          null,
          null,
          null,
          null,
          null,
          null,
          1,
          null,
          null,
          null
        ]
      },
      "/Users/danieldvorkin/Projects/pilates-studio/api/app/graphql/mutations/mark_instructor_payout_paid.rb": {
        "lines": [
          1,
          1,
          1,
          1,
          1,
          1,
          null,
          1,
          1,
          null,
          1,
          2,
          2,
          null,
          1,
          1,
          null,
          1,
          null,
          1,
          0,
          null,
          null,
          1,
          null,
          null,
          null,
          null,
          null,
          null,
          null,
          1,
          null,
          null,
          null
        ]
      },
      "/Users/danieldvorkin/Projects/pilates-studio/api/app/graphql/mutations/create_instructor_connect_onboarding.rb": {
        "lines": [
          1,
          1,
          1,
          null,
          1,
          1,
          1,
          null,
          1,
          1,
          1,
          null,
          1,
          1,
          null,
          1,
          1,
          0,
          null,
          null,
          1,
          null,
          1,
          1,
          1,
          null,
          null,
          1,
          null,
          null,
          null,
          null,
          null,
          null,
          0,
          null,
          null,
          1,
          1,
          null,
          null,
          1,
          1,
          null,
          null,
          1,
          null,
          null,
          null,
          null,
          null,
          null,
          null,
          null,
          0,
          null,
          null,
          1,
          null,
          null,
          null
        ]
      },
      "/Users/danieldvorkin/Projects/pilates-studio/api/app/graphql/mutations/refresh_instructor_connect_status.rb": {
        "lines": [
          1,
          1,
          1,
          null,
          1,
          1,
          null,
          1,
          1,
          1,
          null,
          1,
          1,
          null,
          1,
          1,
          0,
          null,
          null,
          1,
          0,
          null,
          null,
          1,
          null,
          null,
          1,
          null,
          0,
          null,
          null,
          1,
          null,
          1,
          null,
          null,
          null,
          1,
          null,
          null,
          null
        ]
      },
      "/Users/danieldvorkin/Projects/pilates-studio/api/app/graphql/mutations/invite_user.rb": {
        "lines": [
          null,
          null,
          1,
          1,
          1,
          1,
          1,
          null,
          1,
          1,
          null,
          1,
          2,
          2,
          null,
          1,
          1,
          null,
          1,
          1,
          null,
          1,
          null,
          1,
          0,
          null,
          null,
          1,
          1,
          1,
          1,
          null,
          1,
          1,
          1,
          null,
          null,
          1,
          1,
          null,
          1,
          1,
          1,
          null,
          0,
          null,
          null,
          null,
          null
        ]
      },
      "/Users/danieldvorkin/Projects/pilates-studio/api/app/graphql/mutations/toggle_favorite_class_session.rb": {
        "lines": [
          1,
          1,
          1,
          null,
          1,
          1,
          1,
          null,
          1,
          0,
          0,
          null,
          null,
          0,
          0,
          null,
          0,
          null,
          null,
          0,
          null,
          0,
          0,
          0,
          null,
          0,
          0,
          null,
          null,
          0,
          null,
          0,
          null,
          null,
          null
        ]
      },
      "/Users/danieldvorkin/Projects/pilates-studio/api/app/graphql/mutations/create_booking_checkout_session.rb": {
        "lines": [
          1,
          1,
          1,
          null,
          1,
          1,
          1,
          null,
          1,
          0,
          0,
          null,
          0,
          null,
          null,
          0,
          0,
          null,
          0,
          0,
          null,
          null,
          null,
          0,
          null,
          0,
          0,
          null,
          null,
          0,
          0,
          null,
          null,
          0,
          0,
          0,
          0,
          null,
          null,
          0,
          0,
          0,
          0,
          null,
          null,
          0,
          null,
          0,
          null,
          0,
          0,
          0,
          null,
          null,
          null,
          0,
          null,
          null,
          null,
          null,
          null,
          null,
          null,
          null,
          null,
          null,
          null,
          null,
          null,
          null,
          null,
          null,
          null,
          null,
          null,
          null,
          null,
          0,
          0,
          null,
          null,
          0,
          null,
          0,
          null,
          null,
          0,
          null,
          0,
          null,
          null,
          null
        ]
      },
      "/Users/danieldvorkin/Projects/pilates-studio/api/app/graphql/mutations/confirm_booking_checkout_payment.rb": {
        "lines": [
          1,
          1,
          1,
          1,
          null,
          1,
          1,
          1,
          null,
          1,
          0,
          0,
          null,
          0,
          null,
          null,
          0,
          0,
          null,
          0,
          0,
          null,
          null,
          null,
          0,
          null,
          0,
          null,
          0,
          0,
          0,
          null,
          null,
          0,
          null,
          null,
          0,
          null,
          0,
          null,
          null,
          0,
          0,
          null,
          null,
          0,
          0,
          null,
          null,
          0,
          0,
          0,
          null,
          null,
          null,
          0,
          null,
          0,
          null,
          null,
          0,
          0,
          null,
          null,
          0,
          null,
          0,
          0,
          null,
          null,
          null,
          null,
          0,
          null,
          null,
          null,
          null,
          null,
          null,
          null,
          null,
          null,
          null,
          null,
          0,
          null,
          null,
          0,
          null,
          0,
          null,
          0,
          null,
          null,
          null
        ]
      },
      "/Users/danieldvorkin/Projects/pilates-studio/api/app/graphql/mutations/send_booking_payment_reminder.rb": {
        "lines": [
          1,
          1,
          1,
          null,
          1,
          1,
          1,
          null,
          1,
          7,
          7,
          null,
          7,
          null,
          7,
          7,
          null,
          null,
          7,
          null,
          6,
          1,
          null,
          null,
          5,
          1,
          null,
          null,
          4,
          4,
          0,
          null,
          null,
          4,
          4,
          4,
          1,
          null,
          null,
          3,
          3,
          null,
          3,
          3,
          3,
          null,
          null,
          null,
          3,
          null,
          null,
          null,
          null,
          null,
          null,
          null,
          null,
          null,
          null,
          null,
          null,
          null,
          null,
          null,
          null,
          null,
          null,
          null,
          null,
          null,
          3,
          0,
          null,
          null,
          3,
          null,
          0,
          null,
          null,
          3,
          null,
          3,
          null,
          0,
          null,
          null,
          null
        ]
      },
      "/Users/danieldvorkin/Projects/pilates-studio/api/app/graphql/mutations/upsert_studio_subscription.rb": {
        "lines": [
          null,
          null,
          1,
          1,
          1,
          1,
          1,
          1,
          1,
          1,
          1,
          null,
          1,
          1,
          null,
          1,
          null,
          8,
          8,
          null,
          7,
          7,
          null,
          6,
          1,
          null,
          null,
          5,
          1,
          null,
          null,
          4,
          4,
          4,
          4,
          4,
          4,
          4,
          4,
          4,
          null,
          4,
          4,
          null,
          0,
          null,
          null,
          null,
          null
        ]
      },
      "/Users/danieldvorkin/Projects/pilates-studio/api/app/graphql/types/studio_subscription_type.rb": {
        "lines": [
          null,
          null,
          1,
          1,
          1,
          1,
          1,
          1,
          1,
          1,
          1,
          1,
          1,
          1,
          1,
          1,
          1,
          1,
          null,
          1,
          5,
          null,
          null,
          1,
          5,
          null,
          null,
          null
        ]
      },
      "/Users/danieldvorkin/Projects/pilates-studio/api/app/graphql/types/studio_type.rb": {
        "lines": [
          1,
          1,
          1,
          1,
          1,
          1,
          1,
          1,
          1,
          null,
          null,
          1,
          1,
          1,
          1,
          1,
          null,
          null,
          1,
          0,
          null,
          null,
          1,
          0,
          null,
          null,
          1,
          0,
          null,
          null,
          1,
          0,
          null,
          null,
          1,
          0,
          0,
          null,
          null,
          null,
          null,
          null,
          null,
          null
        ]
      },
      "/Users/danieldvorkin/Projects/pilates-studio/api/app/graphql/types/membership_plan_type.rb": {
        "lines": [
          1,
          1,
          1,
          1,
          1,
          1,
          1,
          1,
          null,
          1,
          1,
          1,
          1,
          1,
          1,
          1,
          null,
          1,
          1,
          1,
          1,
          null,
          1,
          1,
          14,
          null,
          null,
          1,
          1,
          null,
          null
        ]
      },
      "/Users/danieldvorkin/Projects/pilates-studio/api/app/graphql/mutations/create_platform_subscription_checkout.rb": {
        "lines": [
          null,
          null,
          1,
          1,
          1,
          null,
          1,
          1,
          null,
          1,
          null,
          null,
          null,
          null,
          1,
          8,
          8,
          8,
          null,
          7,
          1,
          null,
          null,
          6,
          6,
          null,
          5,
          5,
          null,
          4,
          4,
          null,
          null,
          4,
          1,
          null,
          null,
          3,
          null,
          3,
          null,
          null,
          null,
          3,
          3,
          2,
          null,
          null,
          null,
          null,
          1,
          1,
          1,
          1,
          1,
          null,
          null,
          2,
          null,
          null,
          null,
          null,
          null,
          null,
          null,
          null,
          null,
          null,
          null,
          null,
          null,
          null,
          null,
          null,
          null,
          null,
          null,
          null,
          null,
          2,
          null,
          1,
          null,
          null,
          null,
          null
        ]
      },
      "/Users/danieldvorkin/Projects/pilates-studio/api/app/graphql/mutations/create_billing_portal_session.rb": {
        "lines": [
          null,
          null,
          1,
          1,
          1,
          1,
          null,
          1,
          0,
          0,
          0,
          null,
          0,
          0,
          null,
          0,
          0,
          0,
          0,
          null,
          0,
          0,
          null,
          0,
          null,
          null,
          null,
          null,
          0,
          null,
          0,
          null,
          null,
          null
        ]
      },
      "/Users/danieldvorkin/Projects/pilates-studio/api/app/graphql/mutations/create_owner_setup_intent.rb": {
        "lines": [
          null,
          null,
          1,
          1,
          1,
          1,
          null,
          1,
          0,
          0,
          0,
          null,
          0,
          0,
          null,
          0,
          0,
          null,
          0,
          null,
          null,
          0,
          0,
          null,
          null,
          null,
          null,
          0,
          0,
          0,
          0,
          null,
          null,
          0,
          null,
          null,
          null,
          null,
          null,
          null,
          0,
          null,
          null,
          0,
          null,
          null,
          null
        ]
      },
      "/Users/danieldvorkin/Projects/pilates-studio/api/app/graphql/mutations/save_owner_payment_method.rb": {
        "lines": [
          null,
          null,
          1,
          1,
          1,
          null,
          1,
          1,
          null,
          1,
          0,
          0,
          0,
          null,
          0,
          0,
          null,
          0,
          0,
          0,
          0,
          null,
          0,
          null,
          null,
          0,
          null,
          0,
          0,
          0,
          null,
          null,
          0,
          0,
          null,
          null,
          0,
          null,
          null,
          null,
          null,
          null,
          0,
          0,
          null,
          null,
          null,
          null,
          null,
          0,
          null,
          null,
          0,
          null,
          null,
          null
        ]
      },
      "/Users/danieldvorkin/Projects/pilates-studio/api/app/graphql/mutations/update_studio.rb": {
        "lines": [
          null,
          null,
          1,
          1,
          1,
          1,
          null,
          1,
          1,
          null,
          1,
          0,
          0,
          null,
          0,
          0,
          null,
          0,
          0,
          0,
          0,
          null,
          null,
          0,
          0,
          null,
          0,
          null,
          null,
          null,
          null
        ]
      },
      "/Users/danieldvorkin/Projects/pilates-studio/api/app/graphql/mutations/complete_onboarding.rb": {
        "lines": [
          null,
          null,
          1,
          1,
          1,
          1,
          null,
          1,
          0,
          0,
          null,
          0,
          0,
          null,
          0,
          0,
          null,
          null,
          null
        ]
      },
      "/Users/danieldvorkin/Projects/pilates-studio/api/app/graphql/mutations/invite_client.rb": {
        "lines": [
          null,
          null,
          1,
          1,
          1,
          1,
          null,
          1,
          1,
          1,
          null,
          1,
          0,
          null,
          null,
          0,
          0,
          null,
          null,
          0,
          0,
          null,
          0,
          null,
          null,
          0,
          0,
          null,
          null,
          null,
          null,
          0,
          null,
          0,
          0,
          null,
          null,
          0,
          0,
          null,
          null,
          0,
          0,
          null,
          null,
          null,
          null,
          null,
          0,
          null,
          null,
          null
        ]
      },
      "/Users/danieldvorkin/Projects/pilates-studio/api/app/graphql/types/client_invitation_type.rb": {
        "lines": [
          null,
          null,
          1,
          1,
          1,
          1,
          1,
          1,
          1,
          1,
          1,
          1,
          null,
          1,
          null,
          1,
          0,
          null,
          null,
          null
        ]
      },
      "/Users/danieldvorkin/Projects/pilates-studio/api/app/graphql/mutations/create_bundle_product.rb": {
        "lines": [
          1,
          1,
          1,
          1,
          1,
          null,
          1,
          1,
          1,
          null,
          1,
          1,
          null,
          1,
          1,
          null,
          1,
[...]
          1,
          null,
          null,
          1,
          0,
          1,
          1,
          null,
          0,
          null,
          null,
          1,
          null,
          null,
          1,
          null,
          1,
          1,
          1,
          1,
          1,
          null,
          1,
          4,
          4,
          null,
          null,
          3,
          0,
          null,
          3,
          null,
          null,
          3,
          null,
          1,
          null,
          null,
          null,
          null,
          null,
          null,
          null,
          null,
          null,
          1,
          null,
          null,
          null,
          null,
          null,
          null,
          null,
          null,
          3,
          1,
          1,
          1,
          null,
          2,
          1,
          null,
          2,
          2,
          null,
          1,
          1,
          null,
          1,
          null,
          null,
          null,
          null,
          null,
          null,
          3,
          null,
          null,
          null,
          null,
          null,
          null,
          3,
          null,
          3,
          null,
          3,
          3,
          null,
          5,
          null,
          3,
          3,
          null,
          3,
          1,
          1,
          null,
          1,
          1,
          1,
          1,
          1,
          null,
          1,
          1,
          null,
          0,
          null,
          0,
          null,
          null,
          null,
          null,
          null,
          null,
          null,
          1,
          null,
          null,
          null,
          null,
          null,
          null,
          null,
          null,
          null,
          null,
          null,
          null,
          null,
          null,
          null,
          2,
          1,
          null,
          1,
          null,
          null,
          null,
          null,
          null,
          1,
          1,
          null,
          null,
          null,
          null,
          null,
          null,
          null,
          null,
          null,
          null,
          2,
          null,
          null,
          null,
          null,
          null,
          null,
          null,
          null,
          null,
          null,
          2,
          null,
          null,
          null,
          null,
          null,
          null,
          null,
          null,
          null,
          1,
          null,
          1,
          1,
          1,
          null,
          1,
          0,
          0,
          null,
          0,
          0,
          0,
          0,
          0,
          0,
          null,
          null,
          1,
          null,
          1,
          2,
          2,
          null,
          1,
          null,
          null,
          1,
          null,
          1,
          1,
          null,
          1,
          1,
          1,
          null,
          null,
          1,
          0,
          1,
          1,
          null,
          0,
          null,
          null,
          1,
          null,
          1,
          1,
          1,
          null,
          null,
          1,
          null,
          1,
          null,
          1,
          0,
          0,
          null,
          null,
          0,
          0,
          null,
          0,
          null,
          null,
          0,
          0,
          null,
          0,
          0,
          null,
          0,
          null,
          null,
          1,
          null,
          1,
          null,
          1,
          0,
          0,
          0,
          null,
          0,
          0,
          0,
          null,
          0,
          null,
          null,
          null,
          1,
          null,
          1,
          4,
          4,
          null,
          2,
          null,
          null,
          1,
          null,
          1,
          4,
          4,
          null,
          3,
          null,
          null,
          1,
          null,
          1,
          0,
          0,
          null,
          0,
          0,
          null,
          null,
          1,
          null,
          1,
          0,
          0,
          0,
          null,
          null,
          0,
          null,
          null,
          1,
          null,
          1,
          null,
          1,
          0,
          null,
          null,
          null,
          null,
          1,
          null,
          1,
          null,
          1,
          5,
          5,
          null,
          null,
          4,
          1,
          null,
          3,
          null,
          null,
          4,
          4,
          null,
          null,
          1,
          null,
          1,
          1,
          1,
          null,
          1,
          3,
          3,
          null,
          2,
          0,
          0,
          0,
          null,
          2,
          2,
          2,
          2,
          null,
          null,
          2,
          2,
          null,
          null,
          null,
          1,
          null,
          1,
          0,
          0,
          null,
          0,
          null,
          null,
          0,
          null,
          null,
          null,
          null,
          null,
          null,
          null,
          null,
          null,
          null,
          null,
          null,
          null,
          1,
          null,
          1,
          0,
          null,
          null,
          1,
          null,
          null,
          1,
          4,
          null,
          null,
          null,
          1,
          3,
          null,
          null,
          null
        ]
      },
      "/Users/danieldvorkin/Projects/pilates-studio/api/app/graphql/types/node_type.rb": {
        "lines": [
          null,
          null,
          1,
          1,
          1,
          null,
          1,
          null,
          null
        ]
      },
      "/Users/danieldvorkin/Projects/pilates-studio/api/app/graphql/types/base_interface.rb": {
        "lines": [
          null,
          null,
          1,
          1,
          1,
          1,
          1,
          null,
          1,
          null,
          null
        ]
      },
      "/Users/danieldvorkin/Projects/pilates-studio/api/app/graphql/types/public_class_page_type.rb": {
        "lines": [
          null,
          null,
          1,
          1,
          1,
          1,
          1,
          1,
          null,
          null
        ]
      },
      "/Users/danieldvorkin/Projects/pilates-studio/api/app/graphql/types/payment_public_setting_type.rb": {
        "lines": [
          null,
          null,
          1,
          1,
          1,
          1,
          1,
          1,
          null,
          1,
          1,
          null,
          null,
          null
        ]
      },
      "/Users/danieldvorkin/Projects/pilates-studio/api/app/graphql/types/studio_setting_type.rb": {
        "lines": [
          1,
          1,
          1,
          1,
          1,
          null,
          null
        ]
      },
      "/Users/danieldvorkin/Projects/pilates-studio/api/app/graphql/types/instructor_earnings_week_type.rb": {
        "lines": [
          1,
          1,
          1,
          1,
          1,
          1,
          null,
          1,
          1,
          1,
          null,
          1,
          1,
          null,
          1,
          null,
          1,
          null,
          null
        ]
      },
      "/Users/danieldvorkin/Projects/pilates-studio/api/app/graphql/types/instructor_earnings_template_breakdown_type.rb": {
        "lines": [
          1,
          1,
          1,
          1,
          1,
          null,
          null
        ]
      },
      "/Users/danieldvorkin/Projects/pilates-studio/api/app/graphql/types/platform_payment_setting_type.rb": {
        "lines": [
          null,
          null,
          1,
          1,
          1,
          1,
          null,
          1,
          0,
          null,
          null,
          1,
          0,
          null,
          null,
          null
        ]
      },
      "/Users/danieldvorkin/Projects/pilates-studio/api/app/graphql/types/platform_stats_type.rb": {
        "lines": [
          null,
          null,
          1,
          1,
          1,
          1,
          1,
          1,
          1,
          1,
          1,
          1,
          1,
          1,
          null,
          null
        ]
      },
      "/Users/danieldvorkin/Projects/pilates-studio/api/app/policies/booking_policy.rb": {
        "lines": [
          1,
          1,
          10,
          null,
          null,
          1,
          5,
          5,
          null,
          null,
          null,
          2,
          1,
          null,
          null,
          null,
          1,
          0,
          0,
          null,
          null,
          null,
          0,
          null,
          null,
          null,
          1,
          1,
          null,
          null
        ]
      },
      "/Users/danieldvorkin/Projects/pilates-studio/api/app/models/instructor_client_block.rb": {
        "lines": [
          1,
          1,
          1,
          1,
          null,
          1,
          null
        ]
      },
      "/Users/danieldvorkin/Projects/pilates-studio/api/app/jobs/notification_job.rb": {
        "lines": [
          1,
          1,
          null,
          1,
          8,
          null,
          4,
          4,
          4,
          4,
          null,
          1,
          1,
          null,
          3,
          3,
          null,
          0,
          null,
          null,
          null
        ]
      },
      "/Users/danieldvorkin/Projects/pilates-studio/api/app/jobs/application_job.rb": {
        "lines": [
          1,
          null,
          null,
          null,
          null,
          null,
          null
        ]
      },
      "/Users/danieldvorkin/Projects/pilates-studio/api/app/models/payment.rb": {
        "lines": [
          1,
          1,
          1,
          1,
          1,
          null,
          1,
          null,
          1,
          null,
          null,
          null,
          null,
          null,
          null,
          1,
          null,
          1,
          8,
          null,
          null
        ]
      },
      "/Users/danieldvorkin/Projects/pilates-studio/api/app/policies/class_session_policy.rb": {
        "lines": [
          1,
          1,
          4,
          null,
          null,
          1,
          4,
          null,
          null,
          1,
          2,
          null,
          null
        ]
      },
      "/Users/danieldvorkin/Projects/pilates-studio/api/app/models/client_note.rb": {
        "lines": [
          1,
          1,
          1,
          null,
          1,
          null
        ]
      },
      "/Users/danieldvorkin/Projects/pilates-studio/api/app/models/client_payment_method.rb": {
        "lines": [
          1,
          1,
          1,
          1,
          null,
          1,
          null,
          1,
          1,
          null,
          1,
          null,
          1,
          12,
          null,
          null,
          12,
          null,
          null
        ]
      },
      "/Users/danieldvorkin/Projects/pilates-studio/api/app/models/favorite_class_session.rb": {
        "lines": [
          1,
          1,
          1,
          null,
          1,
          null
        ]
      },
      "/Users/danieldvorkin/Projects/pilates-studio/api/app/policies/bundle_product_policy.rb": {
        "lines": [
          1,
          1,
          4,
          null,
          null,
          1,
          2,
          null,
          null,
          1,
          0,
          null,
          null,
          1,
          0,
          null,
          null
        ]
      },
      "/Users/danieldvorkin/Projects/pilates-studio/api/app/services/instructor_payouts/weekly_earnings_calculator.rb": {
        "lines": [
          1,
          1,
          1,
          null,
          null,
          null,
          null,
          null,
          null,
          null,
          null,
          null,
          null,
          null,
          null,
          null,
          1,
          3,
          3,
          3,
          3,
          3,
          null,
          null,
          1,
          3,
          3,
          3,
          null,
          3,
          null,
          3,
          3,
          null,
          null,
          3,
          null,
          null,
          1,
          null,
          1,
          3,
          null,
          3,
          null,
          null,
          3,
          null,
          3,
          null,
          null,
          null,
          3,
          null,
          3,
          null,
          3,
          null,
          3,
          3,
          null,
          null,
          3,
          0,
          0,
          null,
          0,
          null,
          0,
          0,
          null,
          null,
          3,
          3,
          3,
          null,
          null,
          null,
          1,
          3,
          null,
          6,
          null,
          null,
          3,
          null,
          3,
          3,
          3,
          3,
          null,
          3,
          3,
          null,
          3,
          3,
          null,
          3,
          null,
          3,
          3,
          3,
          3,
          null,
          null,
          null,
          3,
          3,
          null,
          3,
          3,
          3,
          3,
          null,
          3,
          3,
          null,
          0,
          0,
          null,
          0,
          0,
          null,
          0,
          0,
          0,
          null,
          null,
          null,
          3,
          3,
          null,
          3,
          3,
          null,
          null,
          3,
          null,
          null,
          null,
          null,
          3,
          null,
          3,
          null,
          null,
          null,
          null,
          null,
          null,
          null,
          null,
          null,
          null,
          null,
          null,
          null,
          1,
          6,
          null,
          null,
          1,
          3,
          null,
          null,
          1,
          0,
          null,
          null,
          null
        ]
      },
      "/Users/danieldvorkin/Projects/pilates-studio/api/app/controllers/auth_controller.rb": {
        "lines": [
          0,
          null,
          null,
          0,
          0,
          0,
          null,
          0,
          0,
          0,
          null,
          0,
          0,
          0,
          null,
          0,
          0,
          0,
          0,
          0,
          0,
          0,
          0,
          null,
          0,
          0,
          0,
          null,
          0,
          0,
          0,
          null,
          0,
          0,
          0,
          0,
          0,
          0,
          0,
          0,
          0,
          0,
          0,
          0,
          0,
          null,
          0,
          null,
          0,
          0,
          null,
          0,
          0,
          0,
          0,
          0,
          null,
          0,
          0,
          0,
          0,
          0,
          0,
          0,
          0,
          0,
          0,
          0,
          0,
          0,
          0,
          0,
          0,
          0,
          0,
          0,
          0,
          0,
          0,
          0,
          0,
          0,
          0,
          0,
          0,
          0,
          0,
          0,
          0,
          0,
          0,
          null,
          0,
          null,
          null,
          null,
          0,
          0,
          0,
          0,
          0,
          0,
          0,
          0,
          0,
          0,
          0,
          0,
          0,
          null,
          0,
          0,
          0,
          null,
          0,
          0,
          0,
          null,
          0,
          0,
          0,
          null,
          0,
          null,
          0,
          0,
          0,
          null,
          0,
          0,
          0
        ],
        "branches": {}
      },
      "/Users/danieldvorkin/Projects/pilates-studio/api/app/controllers/voyager_controller.rb": {
        "lines": [
          null,
          null,
          0,
          0,
          null,
          0,
          0,
          0
        ],
        "branches": {}
      },
      "/Users/danieldvorkin/Projects/pilates-studio/api/app/graphql/resolvers/base_resolver.rb": {
        "lines": [
          null,
          null,
          0,
          0,
          0,
          0
        ],
        "branches": {}
      },
      "/Users/danieldvorkin/Projects/pilates-studio/api/app/graphql/types/auth_payload_type.rb": {
        "lines": [
          0,
          0,
          0,
          0,
          0,
          0
        ],
        "branches": {}
      },
      "/Users/danieldvorkin/Projects/pilates-studio/api/app/graphql/types/base_scalar.rb": {
        "lines": [
          null,
          null,
          0,
          0,
          0,
          0
        ],
        "branches": {}
      },
      "/Users/danieldvorkin/Projects/pilates-studio/api/app/graphql/types/base_union.rb": {
        "lines": [
          null,
          null,
          0,
          0,
          0,
          0,
          0,
          0
        ],
        "branches": {}
      },
      "/Users/danieldvorkin/Projects/pilates-studio/api/app/graphql/types/instructor_client_block_type.rb": {
        "lines": [
          0,
          0,
          0,
          0,
          0,
          0,
          0,
          0
        ],
        "branches": {}
      },
      "/Users/danieldvorkin/Projects/pilates-studio/api/app/mailers/client_invitation_mailer.rb": {
        "lines": [
          null,
          null,
          0,
          0,
          null,
          0,
          0,
          0,
          0,
          0,
          null,
          0,
          0,
          0,
          0,
          0,
          0
        ],
        "branches": {}
      },
      "/Users/danieldvorkin/Projects/pilates-studio/api/app/mailers/system_mailer.rb": {
        "lines": [
          0,
          0,
          0,
          0,
          0,
          0
        ],
        "branches": {}
      },
      "/Users/danieldvorkin/Projects/pilates-studio/api/app/models/client_invitation.rb": {
        "lines": [
          null,
          null,
          0,
          0,
          0,
          null,
          0,
          0,
          0,
          null,
          0,
          null,
          0,
          0,
          0,
          null,
          0,
          0,
          0,
          null,
          0,
          0,
          0,
          null,
          0,
          0,
          0,
          null,
          0,
          0,
          0,
          null,
          0,
          0,
          0,
          null,
          0,
          0,
          null,
          0,
          null,
          0,
          0,
          0,
          0,
          0
        ],
        "branches": {}
      },
      "/Users/danieldvorkin/Projects/pilates-studio/api/app/policies/bundle_purchase_policy.rb": {
        "lines": [
          0,
          0,
          0,
          0,
          null,
          0,
          0,
          0,
          0
        ],
        "branches": {}
      }
    },
    "timestamp": 1772681852
  }
}
